<?xml version="1.0" encoding="UTF-8"?>
<!-- Generated by org.testng.reporters.JUnitXMLReporter -->
<testsuite hostname="Owner-VAIO" ignored="0" name="Test" tests="1" failures="1" timestamp="29 Jan 2021 22:09:21 GMT" time="11.95" errors="0">
  <testcase name="runScenario" time="10.528" classname="io.cucumber.testng.AbstractTestNGCucumberTests">
    <failure type="cucumber.runtime.CucumberException" message="Step [^I am on the home page of Cars guide site$] is defined with 1 parameters at &amp;apos;steps.SearchCarsSteps.i_am_on_the_home_page_of_of_Cars_guide_site(String) in file:/C:/Users/Owner/Desktop/SettingUpJenkins/Selenium_Jenkins/target/test-classes/&amp;apos;.
However, the gherkin step has 0 arguments.
Step text: I am on the home page of Cars guide site">
      <![CDATA[cucumber.runtime.CucumberException: Step [^I am on the home page of Cars guide site$] is defined with 1 parameters at 'steps.SearchCarsSteps.i_am_on_the_home_page_of_of_Cars_guide_site(String) in file:/C:/Users/Owner/Desktop/SettingUpJenkins/Selenium_Jenkins/target/test-classes/'.
However, the gherkin step has 0 arguments.
Step text: I am on the home page of Cars guide site
at cucumber.runner.PickleStepDefinitionMatch.arityMismatch(PickleStepDefinitionMatch.java:84)
at cucumber.runner.PickleStepDefinitionMatch.runStep(PickleStepDefinitionMatch.java:36)
at cucumber.runner.TestStep.executeStep(TestStep.java:65)
at cucumber.runner.TestStep.run(TestStep.java:50)
at cucumber.runner.PickleStepTestStep.run(PickleStepTestStep.java:43)
at cucumber.runner.TestCase.run(TestCase.java:46)
at cucumber.runner.Runner.runPickle(Runner.java:50)
at io.cucumber.testng.TestNGCucumberRunner.runScenario(TestNGCucumberRunner.java:79)
at io.cucumber.testng.AbstractTestNGCucumberTests.runScenario(AbstractTestNGCucumberTests.java:24)
... Removed 28 stack frames]]>
    </failure>
  </testcase> <!-- runScenario -->
</testsuite> <!-- Test -->
